{'sound': <parselmouth.Sound object at 0x00000203AF74A870>, 'nsyll': 0, 'npause': 0, 'dur(s)': 0.7430385487528345, 'phonationtime(s)': 0.7430385487528345, 'speechrate(nsyll / dur)': 0.0, 'articulation rate(nsyll / phonationtime)': 0.0, 'ASD(speakingtime / nsyll)': 0}
F1=nan
F2=nan
Intensity=91.05389348084898
time_windows=0.0
F1=627.6619195231468
F2=1780.593856223019
Intensity=91.05389348084898
time_windows=0.5
{'sound': <parselmouth.Sound object at 0x00000203AF785E70>, 'nsyll': 2, 'npause': 0, 'dur(s)': 0.7430385487528345, 'phonationtime(s)': 0.7430385487528345, 'speechrate(nsyll / dur)': 2.691650390625, 'articulation rate(nsyll / phonationtime)': 4.767361411398426, 'ASD(speakingtime / nsyll)': 0.20975963718820861}
F1=nan
F2=nan
Intensity=114.89968412213054
time_windows=0.0
F1=659.8185629597812
F2=1339.028903239868
Intensity=114.89968412213054
time_windows=0.5
{'sound': <parselmouth.Sound object at 0x00000203AF785EB0>, 'nsyll': 0, 'npause': 0, 'dur(s)': 0.7430385487528345, 'phonationtime(s)': 0.7430385487528345, 'speechrate(nsyll / dur)': 0.0, 'articulation rate(nsyll / phonationtime)': 0.0, 'ASD(speakingtime / nsyll)': 0}
F1=nan
F2=nan
Intensity=97.89940373195506
time_windows=0.0
F1=1010.2773186075696
F2=1715.229826898539
Intensity=97.89940373195506
time_windows=0.5
{'sound': <parselmouth.Sound object at 0x00000203AE9FEFB0>, 'nsyll': 3, 'npause': 0, 'dur(s)': 0.7430385487528345, 'phonationtime(s)': 0.7430385487528345, 'speechrate(nsyll / dur)': 4.0374755859375, 'articulation rate(nsyll / phonationtime)': 4.0374755859375, 'ASD(speakingtime / nsyll)': 0.24767951625094484}
F1=nan
F2=nan
Intensity=122.86586344450332
time_windows=0.0
F1=663.7829732235346
F2=2157.4552836350877
Intensity=122.86586344450332
time_windows=0.5
{'sound': <parselmouth.Sound object at 0x00000203AF803EB0>, 'nsyll': 2, 'npause': 0, 'dur(s)': 0.7430385487528345, 'phonationtime(s)': 0.7430385487528345, 'speechrate(nsyll / dur)': 2.691650390625, 'articulation rate(nsyll / phonationtime)': 2.691650390625, 'ASD(speakingtime / nsyll)': 0.37151927437641724}
F1=nan
F2=nan
Intensity=94.8912847737605
time_windows=0.0
F1=743.9186413771855
F2=1778.655987481361
Intensity=94.8912847737605
time_windows=0.5
{'sound': <parselmouth.Sound object at 0x00000203AF814FB0>, 'nsyll': 2, 'npause': 0, 'dur(s)': 0.7430385487528345, 'phonationtime(s)': 0.7430385487528345, 'speechrate(nsyll / dur)': 2.691650390625, 'articulation rate(nsyll / phonationtime)': 2.691650390625, 'ASD(speakingtime / nsyll)': 0.37151927437641724}
F1=nan
F2=nan
Intensity=127.18994098105468
time_windows=0.0
F1=542.8019455414847
F2=1351.6634105665976
Intensity=127.18994098105468
time_windows=0.5
{'sound': <parselmouth.Sound object at 0x00000203AF74A870>, 'nsyll': 3, 'npause': 0, 'dur(s)': 0.7430385487528345, 'phonationtime(s)': 0.7430385487528345, 'speechrate(nsyll / dur)': 4.0374755859375, 'articulation rate(nsyll / phonationtime)': 4.0374755859375, 'ASD(speakingtime / nsyll)': 0.24767951625094484}
F1=nan
F2=nan
Intensity=96.13913347549936
time_windows=0.0
F1=817.9476105189177
F2=1967.243938605041
Intensity=96.13913347549936
time_windows=0.5
{'sound': <parselmouth.Sound object at 0x00000203AF778E30>, 'nsyll': 1, 'npause': 0, 'dur(s)': 0.7430385487528345, 'phonationtime(s)': 0.7430385487528345, 'speechrate(nsyll / dur)': 1.3458251953125, 'articulation rate(nsyll / phonationtime)': 1.3458251953125, 'ASD(speakingtime / nsyll)': 0.7430385487528345}
F1=nan
F2=nan
Intensity=90.66555194131254
time_windows=0.0
F1=635.1580233839906
F2=1768.5244407783596
Intensity=90.66555194131254
time_windows=0.5
{'sound': <parselmouth.Sound object at 0x00000203B1195070>, 'nsyll': 2, 'npause': 0, 'dur(s)': 0.7430385487528345, 'phonationtime(s)': 0.7430385487528345, 'speechrate(nsyll / dur)': 2.691650390625, 'articulation rate(nsyll / phonationtime)': 2.691650390625, 'ASD(speakingtime / nsyll)': 0.37151927437641724}
F1=nan
F2=nan
Intensity=113.04621379356874
time_windows=0.0
F1=342.0398935131196
F2=1555.6733958115406
Intensity=113.04621379356874
time_windows=0.5
{'sound': <parselmouth.Sound object at 0x00000203AF785EB0>, 'nsyll': 1, 'npause': 0, 'dur(s)': 0.7430385487528345, 'phonationtime(s)': 0.7430385487528345, 'speechrate(nsyll / dur)': 1.3458251953125, 'articulation rate(nsyll / phonationtime)': 1.3458251953125, 'ASD(speakingtime / nsyll)': 0.7430385487528345}
F1=nan
F2=nan
Intensity=90.47529171985158
time_windows=0.0
F1=794.3271351471174
F2=1748.3917003927822
Intensity=90.47529171985158
time_windows=0.5
{'sound': <parselmouth.Sound object at 0x00000203AF803EB0>, 'nsyll': 0, 'npause': 0, 'dur(s)': 0.7430385487528345, 'phonationtime(s)': 0.7430385487528345, 'speechrate(nsyll / dur)': 0.0, 'articulation rate(nsyll / phonationtime)': 0.0, 'ASD(speakingtime / nsyll)': 0}
F1=nan
F2=nan
Intensity=98.71766962641262
time_windows=0.0
F1=1316.889428850484
F2=2369.6585421228688
Intensity=98.71766962641262
time_windows=0.5
{'sound': <parselmouth.Sound object at 0x00000203AF814FB0>, 'nsyll': 2, 'npause': 0, 'dur(s)': 0.7430385487528345, 'phonationtime(s)': 0.7430385487528345, 'speechrate(nsyll / dur)': 2.691650390625, 'articulation rate(nsyll / phonationtime)': 2.691650390625, 'ASD(speakingtime / nsyll)': 0.37151927437641724}
F1=nan
F2=nan
Intensity=121.37717678955457
time_windows=0.0
F1=1167.9099488460179
F2=2414.5017386618074
Intensity=121.37717678955457
time_windows=0.5
{'sound': <parselmouth.Sound object at 0x00000203AF74A870>, 'nsyll': 1, 'npause': 0, 'dur(s)': 0.7430385487528345, 'phonationtime(s)': 0.7430385487528345, 'speechrate(nsyll / dur)': 1.3458251953125, 'articulation rate(nsyll / phonationtime)': 2.8127870190835798, 'ASD(speakingtime / nsyll)': 0.3555192743764173}
F1=nan
F2=nan
Intensity=110.27855715375492
time_windows=0.0
F1=664.1471872696372
F2=1888.6188654751927
Intensity=110.27855715375492
time_windows=0.5
{'sound': <parselmouth.Sound object at 0x00000203AF778E30>, 'nsyll': 3, 'npause': 0, 'dur(s)': 0.7430385487528345, 'phonationtime(s)': 0.7430385487528345, 'speechrate(nsyll / dur)': 4.0374755859375, 'articulation rate(nsyll / phonationtime)': 4.0374755859375, 'ASD(speakingtime / nsyll)': 0.24767951625094484}
F1=nan
F2=nan
Intensity=113.3827580355972
time_windows=0.0
F1=680.5608516796157
F2=1480.1960785044507
Intensity=113.3827580355972
time_windows=0.5
